New https://pypi.org/project/ultralytics/8.4.8 available üòÉ Update with 'pip install -U ultralytics'
Ultralytics 8.3.235 üöÄ Python-3.11.8 torch-2.9.1 CPU (Apple M4)
[34m[1mengine/trainer: [0magnostic_nms=False, amp=True, augment=True, auto_augment=randaugment, batch=8, bgr=0.0, box=7.5, cache=False, cfg=None, classes=None, close_mosaic=10, cls=0.5, compile=False, conf=None, copy_paste=0.0, copy_paste_mode=flip, cos_lr=False, cutmix=0.0, data=yolov11-tennis-court-data/data.yaml, degrees=2, deterministic=True, device=cpu, dfl=1.5, dnn=False, dropout=0.0, dynamic=False, embed=None, epochs=80, erasing=0.4, exist_ok=False, fliplr=0.0, flipud=0.0, format=torchscript, fraction=1.0, freeze=None, half=False, hsv_h=0.005, hsv_s=0.3, hsv_v=0.3, imgsz=960, int8=False, iou=0.7, keras=False, kobj=1.0, line_width=None, lr0=0.001, lrf=0.01, mask_ratio=4, max_det=300, mixup=0.0, mode=train, model=yolo11n.pt, momentum=0.937, mosaic=0.2, multi_scale=False, name=train2, nbs=64, nms=False, opset=None, optimize=False, optimizer=auto, overlap_mask=True, patience=100, perspective=0.0, plots=True, pose=12.0, pretrained=True, profile=False, project=None, rect=False, resume=False, retina_masks=False, save=True, save_conf=False, save_crop=False, save_dir=/Users/ansh/Downloads/development/tennistracker/runs/detect/train2, save_frames=False, save_json=False, save_period=-1, save_txt=False, scale=0.2, seed=0, shear=0.0, show=False, show_boxes=True, show_conf=True, show_labels=True, simplify=True, single_cls=False, source=None, split=val, stream_buffer=False, task=detect, time=None, tracker=botsort.yaml, translate=0.02, val=True, verbose=True, vid_stride=1, visualize=False, warmup_bias_lr=0.1, warmup_epochs=3.0, warmup_momentum=0.8, weight_decay=0.0005, workers=8, workspace=None
Traceback (most recent call last):
  File "/Users/ansh/Downloads/development/tennistracker/venv/lib/python3.11/site-packages/ultralytics/engine/trainer.py", line 649, in get_dataset
    data = check_det_dataset(self.args.data)
           ^^^^^^^^^^^^^^^^^^^^^^^^^^^^^^^^^
  File "/Users/ansh/Downloads/development/tennistracker/venv/lib/python3.11/site-packages/ultralytics/data/utils.py", line 400, in check_det_dataset
    file = check_file(dataset)
           ^^^^^^^^^^^^^^^^^^^
  File "/Users/ansh/Downloads/development/tennistracker/venv/lib/python3.11/site-packages/ultralytics/utils/checks.py", line 580, in check_file
    raise FileNotFoundError(f"'{file}' does not exist")
FileNotFoundError: 'yolov11-tennis-court-data/data.yaml' does not exist

The above exception was the direct cause of the following exception:

Traceback (most recent call last):
  File "/Users/ansh/Downloads/development/tennistracker/venv/bin/yolo", line 8, in <module>
    sys.exit(entrypoint())
             ^^^^^^^^^^^^
  File "/Users/ansh/Downloads/development/tennistracker/venv/lib/python3.11/site-packages/ultralytics/cfg/__init__.py", line 985, in entrypoint
    getattr(model, mode)(**overrides)  # default args from model
    ^^^^^^^^^^^^^^^^^^^^^^^^^^^^^^^^^
  File "/Users/ansh/Downloads/development/tennistracker/venv/lib/python3.11/site-packages/ultralytics/engine/model.py", line 768, in train
    self.trainer = (trainer or self._smart_load("trainer"))(overrides=args, _callbacks=self.callbacks)
                   ^^^^^^^^^^^^^^^^^^^^^^^^^^^^^^^^^^^^^^^^^^^^^^^^^^^^^^^^^^^^^^^^^^^^^^^^^^^^^^^^^^^
  File "/Users/ansh/Downloads/development/tennistracker/venv/lib/python3.11/site-packages/ultralytics/models/yolo/detect/train.py", line 63, in __init__
    super().__init__(cfg, overrides, _callbacks)
  File "/Users/ansh/Downloads/development/tennistracker/venv/lib/python3.11/site-packages/ultralytics/engine/trainer.py", line 163, in __init__
    self.data = self.get_dataset()
                ^^^^^^^^^^^^^^^^^^
  File "/Users/ansh/Downloads/development/tennistracker/venv/lib/python3.11/site-packages/ultralytics/engine/trainer.py", line 653, in get_dataset
    raise RuntimeError(emojis(f"Dataset '{clean_url(self.args.data)}' error ‚ùå {e}")) from e
RuntimeError: Dataset 'yolov11-tennis-court-data/data.yaml' error ‚ùå 'yolov11-tennis-court-data/data.yaml' does not exist
